######################### 2024-11-15 10:44:36 #########################
# Time: 2024-11-15 10:44:36
# Method: GET
# URL: /edu2/
# IP: 49.130.130.163
# Post: []
######################### 2024-11-15 14:33:24 #########################
# Time: 2024-11-15 14:33:24
# Method: GET
# URL: /edu2/
# IP: 220.246.167.117
# Post: []
######################### 2024-11-15 14:33:24 #########################
# Time: 2024-11-15 14:33:24
# Method: GET
# URL: /edu2/classes.php
# IP: 220.246.167.117
# Post: []
######################### 2024-11-15 14:33:27 #########################
# Time: 2024-11-15 14:33:27
# Method: GET
# URL: /edu2/tool/auto_update_class_user.php
# IP: 220.246.167.117
# Post: []
######################### 2024-11-15 14:34:41 #########################
# Time: 2024-11-15 14:34:41
# Method: GET
# URL: /edu2/attendance.php
# IP: 220.246.167.117
# Post: []
######################### 2024-11-15 14:34:41 #########################
# Time: 2024-11-15 14:34:41
# Method: GET
# URL: /edu2/tool/auto_update_class_user.php
# IP: 220.246.167.117
# Post: []
######################### 2024-11-15 14:34:41 #########################
# Time: 2024-11-15 14:34:41
# Method: POST
# URL: /edu2/attendance.php
# IP: 220.246.167.117
# Post: {"handle":"get_page","data":[{"class_id":"?district_id=0&district_id2=0&lv3=&class_id=19","class_year":"2024","month":"5月-6月","date":"2024-11-15"}]}
######################### 2024-11-15 14:34:41 #########################
# Time: 2024-11-15 14:34:41
# Method: POST
# URL: /edu2/attendance.php
# IP: 220.246.167.117
# Post: {"handle":"get_list","data":[{"class_id":"?district_id=0&district_id2=0&lv3=&class_id=19","class_year":"2024","month":"5月-6月","date":"2024-11-15"}],"page":"1"}
######################### 2024-11-15 14:35:21 #########################
# Time: 2024-11-15 14:35:21
# Method: GET
# URL: /edu2/field.php
# IP: 220.246.167.117
# Post: []
######################### 2024-11-15 14:35:21 #########################
# Time: 2024-11-15 14:35:21
# Method: GET
# URL: /edu2/tool/auto_update_class_user.php
# IP: 220.246.167.117
# Post: []
######################### 2024-11-15 14:36:08 #########################
# Time: 2024-11-15 14:36:08
# Method: GET
# URL: /edu2/history.php
# IP: 220.246.167.117
# Post: []
######################### 2024-11-15 14:36:08 #########################
# Time: 2024-11-15 14:36:08
# Method: GET
# URL: /edu2/tool/auto_update_class_user.php
# IP: 220.246.167.117
# Post: []
######################### 2024-11-15 14:36:30 #########################
# Time: 2024-11-15 14:36:30
# Method: GET
# URL: /edu2/coach.php
# IP: 220.246.167.117
# Post: []
######################### 2024-11-15 14:36:30 #########################
# Time: 2024-11-15 14:36:30
# Method: GET
# URL: /edu2/tool/auto_update_class_user.php
# IP: 220.246.167.117
# Post: []
######################### 2024-11-15 14:36:41 #########################
# Time: 2024-11-15 14:36:41
# Method: GET
# URL: /edu2/coach.php
# IP: 220.246.167.117
# Post: []
######################### 2024-11-15 14:36:41 #########################
# Time: 2024-11-15 14:36:41
# Method: GET
# URL: /edu2/tool/auto_update_class_user.php
# IP: 220.246.167.117
# Post: []
######################### 2024-11-15 14:36:45 #########################
# Time: 2024-11-15 14:36:45
# Method: GET
# URL: /edu2/student.php?user_id=3576
# IP: 220.246.167.117
# Post: []
######################### 2024-11-15 14:36:45 #########################
# Time: 2024-11-15 14:36:45
# Method: GET
# URL: /edu2/tool/auto_update_class_user.php
# IP: 220.246.167.117
# Post: []
######################### 2024-11-15 14:37:37 #########################
# Time: 2024-11-15 14:37:37
# Method: GET
# URL: /edu2/renew_list.php
# IP: 220.246.167.117
# Post: []
######################### 2024-11-15 14:37:38 #########################
# Time: 2024-11-15 14:37:38
# Method: GET
# URL: /edu2/tool/auto_update_class_user.php
# IP: 220.246.167.117
# Post: []
######################### 2024-11-15 14:55:04 #########################
# Time: 2024-11-15 14:55:04
# Method: GET
# URL: /edu2/
# IP: 220.246.167.117
# Post: []
######################### 2024-11-15 14:55:04 #########################
# Time: 2024-11-15 14:55:04
# Method: GET
# URL: /edu2/classes.php
# IP: 220.246.167.117
# Post: []
######################### 2024-11-15 14:55:05 #########################
# Time: 2024-11-15 14:55:05
# Method: GET
# URL: /edu2/tool/auto_update_class_user.php
# IP: 220.246.167.117
# Post: []
######################### 2024-11-15 14:55:12 #########################
# Time: 2024-11-15 14:55:12
# Method: GET
# URL: /edu2/classes.php?district_id=32
# IP: 220.246.167.117
# Post: []
######################### 2024-11-15 14:55:13 #########################
# Time: 2024-11-15 14:55:13
# Method: GET
# URL: /edu2/tool/auto_update_class_user.php
# IP: 220.246.167.117
# Post: []
######################### 2024-11-15 14:55:20 #########################
# Time: 2024-11-15 14:55:20
# Method: GET
# URL: /edu2/student.php?user_id=3519
# IP: 220.246.167.117
# Post: []
######################### 2024-11-15 14:55:20 #########################
# Time: 2024-11-15 14:55:20
# Method: GET
# URL: /edu2/tool/auto_update_class_user.php
# IP: 220.246.167.117
# Post: []
######################### 2024-11-15 14:55:34 #########################
# Time: 2024-11-15 14:55:34
# Method: POST
# URL: /edu2/student.php?user_id=3519
# IP: 220.246.167.117
# Post: {"handle":"delete","id":"3912"}
######################### 2024-11-15 14:55:34 #########################
# Time: 2024-11-15 14:55:34
# Method: GET
# URL: /edu2/student.php?user_id=3519
# IP: 220.246.167.117
# Post: []
######################### 2024-11-15 14:55:34 #########################
# Time: 2024-11-15 14:55:34
# Method: GET
# URL: /edu2/tool/auto_update_class_user.php
# IP: 220.246.167.117
# Post: []
######################### 2024-11-15 14:55:40 #########################
# Time: 2024-11-15 14:55:40
# Method: GET
# URL: /edu2/order_renew.php?student_id=3519&order_id=0&order_renew=980&class_id=10&month=9%E6%9C%88-10%E6%9C%88
# IP: 220.246.167.117
# Post: []
######################### 2024-11-15 14:55:42 #########################
# Time: 2024-11-15 14:55:42
# Method: POST
# URL: /edu2/order_renew.php?student_id=3519&order_id=0&order_renew=980&class_id=10&month=9%E6%9C%88-10%E6%9C%88
# IP: 220.246.167.117
# Post: {"handle":"select","page":"1"}
######################### 2024-11-15 14:55:48 #########################
# Time: 2024-11-15 14:55:48
# Method: POST
# URL: /edu2/order_renew.php?student_id=3519&order_id=0&order_renew=980&class_id=10&month=9%E6%9C%88-10%E6%9C%88
# IP: 220.246.167.117
# Post: {"handle":"select","page":"2"}
######################### 2024-11-15 14:55:51 #########################
# Time: 2024-11-15 14:55:51
# Method: POST
# URL: /edu2/order_renew.php?student_id=3519&order_id=0&order_renew=980&class_id=10&month=9%E6%9C%88-10%E6%9C%88
# IP: 220.246.167.117
# Post: {"handle":"select","page":"3"}
######################### 2024-11-15 14:56:00 #########################
# Time: 2024-11-15 14:56:00
# Method: POST
# URL: /edu2/order_renew.php?student_id=3519&order_id=0&order_renew=980&class_id=10&month=9%E6%9C%88-10%E6%9C%88
# IP: 220.246.167.117
# Post: {"handle":"select","page":"4"}
######################### 2024-11-15 14:56:05 #########################
# Time: 2024-11-15 14:56:05
# Method: POST
# URL: /edu2/order_renew.php?student_id=3519&order_id=0&order_renew=980&class_id=10&month=9%E6%9C%88-10%E6%9C%88
# IP: 220.246.167.117
# Post: {"handle":"select","page":"5"}
######################### 2024-11-15 14:56:08 #########################
# Time: 2024-11-15 14:56:08
# Method: POST
# URL: /edu2/order_renew.php?student_id=3519&order_id=0&order_renew=980&class_id=10&month=9%E6%9C%88-10%E6%9C%88
# IP: 220.246.167.117
# Post: {"handle":"select","page":"1"}
######################### 2024-11-15 14:56:08 #########################
# Time: 2024-11-15 14:56:08
# Method: POST
# URL: /edu2/order_renew.php?student_id=3519&order_id=0&order_renew=980&class_id=10&month=9%E6%9C%88-10%E6%9C%88
# IP: 220.246.167.117
# Post: {"handle":"select","page":"2"}
######################### 2024-11-15 14:56:11 #########################
# Time: 2024-11-15 14:56:11
# Method: POST
# URL: /edu2/order_renew.php?student_id=3519&order_id=0&order_renew=980&class_id=10&month=9%E6%9C%88-10%E6%9C%88
# IP: 220.246.167.117
# Post: {"handle":"select","kw":"","page":"1"}
######################### 2024-11-15 14:56:12 #########################
# Time: 2024-11-15 14:56:12
# Method: POST
# URL: /edu2/order_renew.php?student_id=3519&order_id=0&order_renew=980&class_id=10&month=9%E6%9C%88-10%E6%9C%88
# IP: 220.246.167.117
# Post: {"handle":"select","kw":"籅","page":"1"}
######################### 2024-11-15 14:56:13 #########################
# Time: 2024-11-15 14:56:13
# Method: POST
# URL: /edu2/order_renew.php?student_id=3519&order_id=0&order_renew=980&class_id=10&month=9%E6%9C%88-10%E6%9C%88
# IP: 220.246.167.117
# Post: {"handle":"select","kw":"","page":"1"}
######################### 2024-11-15 14:56:16 #########################
# Time: 2024-11-15 14:56:16
# Method: POST
# URL: /edu2/order_renew.php?student_id=3519&order_id=0&order_renew=980&class_id=10&month=9%E6%9C%88-10%E6%9C%88
# IP: 220.246.167.117
# Post: {"handle":"select","kw":"兒","page":"1"}
######################### 2024-11-15 14:56:17 #########################
# Time: 2024-11-15 14:56:17
# Method: POST
# URL: /edu2/order_renew.php?student_id=3519&order_id=0&order_renew=980&class_id=10&month=9%E6%9C%88-10%E6%9C%88
# IP: 220.246.167.117
# Post: {"handle":"select","kw":"兒童游","page":"1"}
######################### 2024-11-15 14:56:19 #########################
# Time: 2024-11-15 14:56:19
# Method: POST
# URL: /edu2/order_renew.php?student_id=3519&order_id=0&order_renew=980&class_id=10&month=9%E6%9C%88-10%E6%9C%88
# IP: 220.246.167.117
# Post: {"handle":"select","kw":"兒童游泳班","page":"1"}
######################### 2024-11-15 14:56:21 #########################
# Time: 2024-11-15 14:56:21
# Method: POST
# URL: /edu2/order_renew.php?student_id=3519&order_id=0&order_renew=980&class_id=10&month=9%E6%9C%88-10%E6%9C%88
# IP: 220.246.167.117
# Post: {"handle":"select","kw":"兒童游泳班-","page":"1"}
######################### 2024-11-15 14:56:27 #########################
# Time: 2024-11-15 14:56:27
# Method: POST
# URL: /edu2/order_renew.php?student_id=3519&order_id=0&order_renew=980&class_id=10&month=9%E6%9C%88-10%E6%9C%88
# IP: 220.246.167.117
# Post: {"handle":"select","kw":"兒童游泳班-黃大仙","page":"1"}
######################### 2024-11-15 14:56:28 #########################
# Time: 2024-11-15 14:56:28
# Method: POST
# URL: /edu2/order_renew.php?student_id=3519&order_id=0&order_renew=980&class_id=10&month=9%E6%9C%88-10%E6%9C%88
# IP: 220.246.167.117
# Post: {"handle":"select","kw":"兒童游泳班-黃大仙星","page":"1"}
######################### 2024-11-15 14:56:29 #########################
# Time: 2024-11-15 14:56:29
# Method: POST
# URL: /edu2/order_renew.php?student_id=3519&order_id=0&order_renew=980&class_id=10&month=9%E6%9C%88-10%E6%9C%88
# IP: 220.246.167.117
# Post: {"handle":"select","kw":"兒童游泳班-黃大仙星期日","page":"1"}
######################### 2024-11-15 14:56:30 #########################
# Time: 2024-11-15 14:56:30
# Method: POST
# URL: /edu2/order_renew.php?student_id=3519&order_id=0&order_renew=980&class_id=10&month=9%E6%9C%88-10%E6%9C%88
# IP: 220.246.167.117
# Post: {"handle":"select","kw":"兒童游泳班-黃大仙星期日","page":"1"}
######################### 2024-11-15 14:56:39 #########################
# Time: 2024-11-15 14:56:39
# Method: POST
# URL: /edu2/order_renew.php?student_id=3519&order_id=0&order_renew=980&class_id=10&month=9%E6%9C%88-10%E6%9C%88
# IP: 220.246.167.117
# Post: {"handle":"get_month","class_id":"6","page":"1"}
######################### 2024-11-15 14:57:10 #########################
# Time: 2024-11-15 14:57:10
# Method: POST
# URL: /edu2/order_renew.php?student_id=3519&order_id=0&order_renew=980&class_id=10&month=9%E6%9C%88-10%E6%9C%88
# IP: 220.246.167.117
# Post: {"handle":"order_add","data":{"class_id":"6","class_year":"2024","month":"11月-12月","amount":"980","order_date":"2024-11-11","gateway":"轉數快"}}
######################### 2024-11-15 14:57:10 #########################
# Time: 2024-11-15 14:57:10
# Method: GET
# URL: /edu2/student.php?user_id=3519
# IP: 220.246.167.117
# Post: []
######################### 2024-11-15 14:57:11 #########################
# Time: 2024-11-15 14:57:11
# Method: GET
# URL: /edu2/tool/auto_update_class_user.php
# IP: 220.246.167.117
# Post: []
######################### 2024-11-15 14:57:31 #########################
# Time: 2024-11-15 14:57:31
# Method: POST
# URL: /edu2/student.php?user_id=3519
# IP: 220.246.167.117
# Post: {"handle":"renew_stop","order_id":"woo_44249"}
######################### 2024-11-15 14:57:33 #########################
# Time: 2024-11-15 14:57:33
# Method: GET
# URL: /edu2/student.php?user_id=3519
# IP: 220.246.167.117
# Post: []
######################### 2024-11-15 14:57:34 #########################
# Time: 2024-11-15 14:57:34
# Method: GET
# URL: /edu2/tool/auto_update_class_user.php
# IP: 220.246.167.117
# Post: []
######################### 2024-11-15 14:57:54 #########################
# Time: 2024-11-15 14:57:54
# Method: GET
# URL: /edu2/class.php?class=10
# IP: 220.246.167.117
# Post: []
######################### 2024-11-15 14:57:54 #########################
# Time: 2024-11-15 14:57:54
# Method: GET
# URL: /edu2/tool/auto_update_class_user.php
# IP: 220.246.167.117
# Post: []
######################### 2024-11-15 14:57:54 #########################
# Time: 2024-11-15 14:57:54
# Method: POST
# URL: /edu2/class.php?class=10
# IP: 220.246.167.117
# Post: {"handle":"get_month_data","month":"11月-12月"}
######################### 2024-11-15 14:57:54 #########################
# Time: 2024-11-15 14:57:54
# Method: POST
# URL: /edu2/class.php?class=10
# IP: 220.246.167.117
# Post: {"handle":"get_lv2","pid":"1"}
######################### 2024-11-15 14:58:00 #########################
# Time: 2024-11-15 14:58:00
# Method: POST
# URL: /edu2/class.php?class=10
# IP: 220.246.167.117
# Post: {"handle":"update_user","date_month":"11月-12月"}
######################### 2024-11-15 14:58:09 #########################
# Time: 2024-11-15 14:58:09
# Method: GET
# URL: /edu2/student.php?user_id=3519
# IP: 220.246.167.117
# Post: []
######################### 2024-11-15 14:58:09 #########################
# Time: 2024-11-15 14:58:09
# Method: GET
# URL: /edu2/tool/auto_update_class_user.php
# IP: 220.246.167.117
# Post: []
######################### 2024-11-15 14:58:14 #########################
# Time: 2024-11-15 14:58:14
# Method: GET
# URL: /edu2/class.php?class=10
# IP: 220.246.167.117
# Post: []
######################### 2024-11-15 14:58:14 #########################
# Time: 2024-11-15 14:58:14
# Method: GET
# URL: /edu2/tool/auto_update_class_user.php
# IP: 220.246.167.117
# Post: []
######################### 2024-11-15 14:58:14 #########################
# Time: 2024-11-15 14:58:14
# Method: POST
# URL: /edu2/class.php?class=10
# IP: 220.246.167.117
# Post: {"handle":"get_lv2","pid":"1"}
######################### 2024-11-15 14:58:14 #########################
# Time: 2024-11-15 14:58:14
# Method: POST
# URL: /edu2/class.php?class=10
# IP: 220.246.167.117
# Post: {"handle":"get_month_data","month":"11月-12月"}
######################### 2024-11-15 14:58:17 #########################
# Time: 2024-11-15 14:58:17
# Method: GET
# URL: /edu2/
# IP: 220.246.167.117
# Post: []
######################### 2024-11-15 14:58:17 #########################
# Time: 2024-11-15 14:58:17
# Method: GET
# URL: /edu2/classes.php
# IP: 220.246.167.117
# Post: []
######################### 2024-11-15 14:58:18 #########################
# Time: 2024-11-15 14:58:18
# Method: GET
# URL: /edu2/tool/auto_update_class_user.php
# IP: 220.246.167.117
# Post: []
######################### 2024-11-15 14:58:20 #########################
# Time: 2024-11-15 14:58:20
# Method: GET
# URL: /edu2/classes.php?district_id=32
# IP: 220.246.167.117
# Post: []
######################### 2024-11-15 14:58:21 #########################
# Time: 2024-11-15 14:58:21
# Method: GET
# URL: /edu2/tool/auto_update_class_user.php
# IP: 220.246.167.117
# Post: []
######################### 2024-11-15 14:58:28 #########################
# Time: 2024-11-15 14:58:28
# Method: GET
# URL: /edu2/class.php?class=437
# IP: 220.246.167.117
# Post: []
######################### 2024-11-15 14:58:28 #########################
# Time: 2024-11-15 14:58:28
# Method: GET
# URL: /edu2/tool/auto_update_class_user.php
# IP: 220.246.167.117
# Post: []
######################### 2024-11-15 14:58:28 #########################
# Time: 2024-11-15 14:58:28
# Method: POST
# URL: /edu2/class.php?class=437
# IP: 220.246.167.117
# Post: {"handle":"get_month_data","month":"11月"}
######################### 2024-11-15 14:58:28 #########################
# Time: 2024-11-15 14:58:28
# Method: POST
# URL: /edu2/class.php?class=437
# IP: 220.246.167.117
# Post: {"handle":"get_lv2","pid":"1"}
######################### 2024-11-15 15:01:42 #########################
# Time: 2024-11-15 15:01:42
# Method: GET
# URL: /edu2/
# IP: 220.246.167.117
# Post: []
######################### 2024-11-15 15:01:42 #########################
# Time: 2024-11-15 15:01:42
# Method: GET
# URL: /edu2/classes.php
# IP: 220.246.167.117
# Post: []
######################### 2024-11-15 15:01:43 #########################
# Time: 2024-11-15 15:01:43
# Method: GET
# URL: /edu2/tool/auto_update_class_user.php
# IP: 220.246.167.117
# Post: []
######################### 2024-11-15 15:01:44 #########################
# Time: 2024-11-15 15:01:44
# Method: GET
# URL: /edu2/classes.php?district_id=32
# IP: 220.246.167.117
# Post: []
######################### 2024-11-15 15:01:45 #########################
# Time: 2024-11-15 15:01:45
# Method: GET
# URL: /edu2/tool/auto_update_class_user.php
# IP: 220.246.167.117
# Post: []
######################### 2024-11-15 15:01:46 #########################
# Time: 2024-11-15 15:01:46
# Method: GET
# URL: /edu2/classes.php?district_id=32&district_id2=37
# IP: 220.246.167.117
# Post: []
######################### 2024-11-15 15:01:46 #########################
# Time: 2024-11-15 15:01:46
# Method: GET
# URL: /edu2/tool/auto_update_class_user.php
# IP: 220.246.167.117
# Post: []
######################### 2024-11-15 15:01:52 #########################
# Time: 2024-11-15 15:01:52
# Method: GET
# URL: /edu2/classes.php?district_id=32&district_id2=37&lv3=%E8%8D%94%E6%9E%9D%E8%A7%92
# IP: 220.246.167.117
# Post: []
######################### 2024-11-15 15:01:53 #########################
# Time: 2024-11-15 15:01:53
# Method: GET
# URL: /edu2/tool/auto_update_class_user.php
# IP: 220.246.167.117
# Post: []
######################### 2024-11-15 15:01:58 #########################
# Time: 2024-11-15 15:01:58
# Method: GET
# URL: /edu2/class.php?class=437
# IP: 220.246.167.117
# Post: []
######################### 2024-11-15 15:01:58 #########################
# Time: 2024-11-15 15:01:58
# Method: GET
# URL: /edu2/tool/auto_update_class_user.php
# IP: 220.246.167.117
# Post: []
######################### 2024-11-15 15:01:58 #########################
# Time: 2024-11-15 15:01:58
# Method: POST
# URL: /edu2/class.php?class=437
# IP: 220.246.167.117
# Post: {"handle":"get_month_data","month":"11月"}
######################### 2024-11-15 15:01:58 #########################
# Time: 2024-11-15 15:01:58
# Method: POST
# URL: /edu2/class.php?class=437
# IP: 220.246.167.117
# Post: {"handle":"get_lv2","pid":"1"}
######################### 2024-11-15 15:02:04 #########################
# Time: 2024-11-15 15:02:04
# Method: POST
# URL: /edu2/class.php?class=437
# IP: 220.246.167.117
# Post: {"handle":"update_user","date_month":"11月"}
######################### 2024-11-15 15:02:06 #########################
# Time: 2024-11-15 15:02:06
# Method: GET
# URL: /edu2/class.php?class=437
# IP: 220.246.167.117
# Post: []
######################### 2024-11-15 15:02:06 #########################
# Time: 2024-11-15 15:02:06
# Method: GET
# URL: /edu2/tool/auto_update_class_user.php
# IP: 220.246.167.117
# Post: []
######################### 2024-11-15 15:02:06 #########################
# Time: 2024-11-15 15:02:06
# Method: POST
# URL: /edu2/class.php?class=437
# IP: 220.246.167.117
# Post: {"handle":"get_month_data","month":"11月"}
######################### 2024-11-15 15:02:06 #########################
# Time: 2024-11-15 15:02:06
# Method: POST
# URL: /edu2/class.php?class=437
# IP: 220.246.167.117
# Post: {"handle":"get_lv2","pid":"1"}
######################### 2024-11-15 15:02:09 #########################
# Time: 2024-11-15 15:02:09
# Method: GET
# URL: /edu2/classes.php?district_id=32&district_id2=37&lv3=%E8%8D%94%E6%9E%9D%E8%A7%92
# IP: 220.246.167.117
# Post: []
######################### 2024-11-15 15:02:10 #########################
# Time: 2024-11-15 15:02:10
# Method: GET
# URL: /edu2/tool/auto_update_class_user.php
# IP: 220.246.167.117
# Post: []
######################### 2024-11-15 15:02:13 #########################
# Time: 2024-11-15 15:02:13
# Method: GET
# URL: /edu2/
# IP: 220.246.167.117
# Post: []
######################### 2024-11-15 15:02:13 #########################
# Time: 2024-11-15 15:02:13
# Method: GET
# URL: /edu2/classes.php
# IP: 220.246.167.117
# Post: []
######################### 2024-11-15 15:02:14 #########################
# Time: 2024-11-15 15:02:14
# Method: GET
# URL: /edu2/tool/auto_update_class_user.php
# IP: 220.246.167.117
# Post: []
######################### 2024-11-15 15:02:17 #########################
# Time: 2024-11-15 15:02:17
# Method: GET
# URL: /edu2/classes.php?district_id=32
# IP: 220.246.167.117
# Post: []
######################### 2024-11-15 15:02:17 #########################
# Time: 2024-11-15 15:02:17
# Method: GET
# URL: /edu2/tool/auto_update_class_user.php
# IP: 220.246.167.117
# Post: []
######################### 2024-11-15 15:02:21 #########################
# Time: 2024-11-15 15:02:21
# Method: GET
# URL: /edu2/classes.php?district_id=163
# IP: 220.246.167.117
# Post: []
######################### 2024-11-15 15:02:22 #########################
# Time: 2024-11-15 15:02:22
# Method: GET
# URL: /edu2/tool/auto_update_class_user.php
# IP: 220.246.167.117
# Post: []
######################### 2024-11-15 15:03:03 #########################
# Time: 2024-11-15 15:03:03
# Method: GET
# URL: /edu2/classes.php?district_id=163&district_id2=164
# IP: 220.246.167.117
# Post: []
######################### 2024-11-15 15:03:03 #########################
# Time: 2024-11-15 15:03:03
# Method: GET
# URL: /edu2/tool/auto_update_class_user.php
# IP: 220.246.167.117
# Post: []
######################### 2024-11-15 15:03:04 #########################
# Time: 2024-11-15 15:03:04
# Method: GET
# URL: /edu2/classes.php?district_id=163&district_id2=164&lv3=%E5%B1%8F%E5%B1%B1%E5%A4%A9%E6%B0%B4%E5%9C%8D
# IP: 220.246.167.117
# Post: []
######################### 2024-11-15 15:03:04 #########################
# Time: 2024-11-15 15:03:04
# Method: GET
# URL: /edu2/tool/auto_update_class_user.php
# IP: 220.246.167.117
# Post: []
######################### 2024-11-15 15:03:09 #########################
# Time: 2024-11-15 15:03:09
# Method: GET
# URL: /edu2/class.php?class=177
# IP: 220.246.167.117
# Post: []
######################### 2024-11-15 15:03:09 #########################
# Time: 2024-11-15 15:03:09
# Method: GET
# URL: /edu2/tool/auto_update_class_user.php
# IP: 220.246.167.117
# Post: []
######################### 2024-11-15 15:03:09 #########################
# Time: 2024-11-15 15:03:09
# Method: POST
# URL: /edu2/class.php?class=177
# IP: 220.246.167.117
# Post: {"handle":"get_month_data","month":"11月-12月"}
######################### 2024-11-15 15:03:09 #########################
# Time: 2024-11-15 15:03:09
# Method: POST
# URL: /edu2/class.php?class=177
# IP: 220.246.167.117
# Post: {"handle":"get_lv2","pid":"1"}
######################### 2024-11-15 15:03:12 #########################
# Time: 2024-11-15 15:03:12
# Method: GET
# URL: /edu2/student.php?user_id=3989
# IP: 220.246.167.117
# Post: []
######################### 2024-11-15 15:03:13 #########################
# Time: 2024-11-15 15:03:13
# Method: GET
# URL: /edu2/tool/auto_update_class_user.php
# IP: 220.246.167.117
# Post: []
######################### 2024-11-15 15:05:25 #########################
# Time: 2024-11-15 15:05:25
# Method: GET
# URL: /edu2/order_renew.php?student_id=3989&order_id=0&order_renew=980&class_id=177&month=9%E6%9C%88-10%E6%9C%88
# IP: 220.246.167.117
# Post: []
######################### 2024-11-15 15:05:27 #########################
# Time: 2024-11-15 15:05:27
# Method: POST
# URL: /edu2/order_renew.php?student_id=3989&order_id=0&order_renew=980&class_id=177&month=9%E6%9C%88-10%E6%9C%88
# IP: 220.246.167.117
# Post: {"handle":"select","page":"1"}
######################### 2024-11-15 15:05:38 #########################
# Time: 2024-11-15 15:05:38
# Method: GET
# URL: /edu2/order_renew.php?student_id=3989&order_id=0&order_renew=980&class_id=177&month=9%E6%9C%88-10%E6%9C%88
# IP: 220.246.167.117
# Post: []
######################### 2024-11-15 15:05:40 #########################
# Time: 2024-11-15 15:05:40
# Method: POST
# URL: /edu2/order_renew.php?student_id=3989&order_id=0&order_renew=980&class_id=177&month=9%E6%9C%88-10%E6%9C%88
# IP: 220.246.167.117
# Post: {"handle":"select","page":"1"}
######################### 2024-11-15 15:05:40 #########################
# Time: 2024-11-15 15:05:40
# Method: POST
# URL: /edu2/order_renew.php?student_id=3989&order_id=0&order_renew=980&class_id=177&month=9%E6%9C%88-10%E6%9C%88
# IP: 220.246.167.117
# Post: {"handle":"select","kw":"兒童游泳班-屏山天水圍星期六|","page":"1"}
######################### 2024-11-15 15:05:46 #########################
# Time: 2024-11-15 15:05:46
# Method: POST
# URL: /edu2/order_renew.php?student_id=3989&order_id=0&order_renew=980&class_id=177&month=9%E6%9C%88-10%E6%9C%88
# IP: 220.246.167.117
# Post: {"handle":"get_month","class_id":"176","page":"1"}
######################### 2024-11-15 15:05:50 #########################
# Time: 2024-11-15 15:05:50
# Method: POST
# URL: /edu2/order_renew.php?student_id=3989&order_id=0&order_renew=980&class_id=177&month=9%E6%9C%88-10%E6%9C%88
# IP: 220.246.167.117
# Post: {"handle":"order_add","data":{"class_id":"176","class_year":"2024","month":"11月-12月","amount":"980","order_date":"2024-11-15","gateway":"轉數快"}}
######################### 2024-11-15 15:05:50 #########################
# Time: 2024-11-15 15:05:50
# Method: GET
# URL: /edu2/student.php?user_id=3989
# IP: 220.246.167.117
# Post: []
######################### 2024-11-15 15:05:50 #########################
# Time: 2024-11-15 15:05:50
# Method: GET
# URL: /edu2/tool/auto_update_class_user.php
# IP: 220.246.167.117
# Post: []
######################### 2024-11-15 15:05:57 #########################
# Time: 2024-11-15 15:05:57
# Method: GET
# URL: /edu2/order_renew.php?student_id=3989&order_id=0&order_renew=980&class_id=177&month=9%E6%9C%88-10%E6%9C%88
# IP: 220.246.167.117
# Post: []
######################### 2024-11-15 15:05:57 #########################
# Time: 2024-11-15 15:05:57
# Method: POST
# URL: /edu2/order_renew.php?student_id=3989&order_id=0&order_renew=980&class_id=177&month=9%E6%9C%88-10%E6%9C%88
# IP: 220.246.167.117
# Post: {"handle":"select","page":"1"}
######################### 2024-11-15 15:05:58 #########################
# Time: 2024-11-15 15:05:58
# Method: POST
# URL: /edu2/order_renew.php?student_id=3989&order_id=0&order_renew=980&class_id=177&month=9%E6%9C%88-10%E6%9C%88
# IP: 220.246.167.117
# Post: {"handle":"select","kw":"兒童游泳班-屏山天水圍星期六|","page":"1"}
######################### 2024-11-15 15:06:01 #########################
# Time: 2024-11-15 15:06:01
# Method: POST
# URL: /edu2/order_renew.php?student_id=3989&order_id=0&order_renew=980&class_id=177&month=9%E6%9C%88-10%E6%9C%88
# IP: 220.246.167.117
# Post: {"handle":"get_month","class_id":"176","page":"1"}
######################### 2024-11-15 15:06:03 #########################
# Time: 2024-11-15 15:06:03
# Method: POST
# URL: /edu2/order_renew.php?student_id=3989&order_id=0&order_renew=980&class_id=177&month=9%E6%9C%88-10%E6%9C%88
# IP: 220.246.167.117
# Post: {"handle":"order_add","data":{"class_id":"176","class_year":"2024","month":"11月-12月","amount":"980","order_date":"2024-11-15","gateway":"轉數快"}}
######################### 2024-11-15 15:06:08 #########################
# Time: 2024-11-15 15:06:08
# Method: POST
# URL: /edu2/student.php?user_id=3989
# IP: 220.246.167.117
# Post: {"handle":"renew_stop","order_id":"woo_44240"}
######################### 2024-11-15 15:06:09 #########################
# Time: 2024-11-15 15:06:09
# Method: POST
# URL: /edu2/student.php?user_id=3989
# IP: 220.246.167.117
# Post: {"handle":"renew_stop","order_id":"woo_44241"}
######################### 2024-11-15 15:06:11 #########################
# Time: 2024-11-15 15:06:11
# Method: GET
# URL: /edu2/student.php?user_id=3989
# IP: 220.246.167.117
# Post: []
######################### 2024-11-15 15:06:11 #########################
# Time: 2024-11-15 15:06:11
# Method: GET
# URL: /edu2/tool/auto_update_class_user.php
# IP: 220.246.167.117
# Post: []
######################### 2024-11-15 15:06:23 #########################
# Time: 2024-11-15 15:06:23
# Method: POST
# URL: /edu2/student.php?user_id=3989
# IP: 220.246.167.117
# Post: {"handle":"delete","id":"3900"}
######################### 2024-11-15 15:06:24 #########################
# Time: 2024-11-15 15:06:24
# Method: GET
# URL: /edu2/student.php?user_id=3989
# IP: 220.246.167.117
# Post: []
######################### 2024-11-15 15:06:24 #########################
# Time: 2024-11-15 15:06:24
# Method: GET
# URL: /edu2/tool/auto_update_class_user.php
# IP: 220.246.167.117
# Post: []
######################### 2024-11-15 15:06:33 #########################
# Time: 2024-11-15 15:06:33
# Method: GET
# URL: /edu2/student.php?user_id=3989
# IP: 220.246.167.117
# Post: []
######################### 2024-11-15 15:06:33 #########################
# Time: 2024-11-15 15:06:33
# Method: GET
# URL: /edu2/tool/auto_update_class_user.php
# IP: 220.246.167.117
# Post: []
######################### 2024-11-15 15:06:43 #########################
# Time: 2024-11-15 15:06:43
# Method: POST
# URL: /edu2/student.php?user_id=3989
# IP: 220.246.167.117
# Post: {"handle":"delete","id":"3935"}
######################### 2024-11-15 15:06:43 #########################
# Time: 2024-11-15 15:06:43
# Method: GET
# URL: /edu2/student.php?user_id=3989
# IP: 220.246.167.117
# Post: []
######################### 2024-11-15 15:06:43 #########################
# Time: 2024-11-15 15:06:43
# Method: GET
# URL: /edu2/tool/auto_update_class_user.php
# IP: 220.246.167.117
# Post: []
######################### 2024-11-15 15:06:46 #########################
# Time: 2024-11-15 15:06:46
# Method: GET
# URL: /edu2/student.php?user_id=3989
# IP: 220.246.167.117
# Post: []
######################### 2024-11-15 15:06:46 #########################
# Time: 2024-11-15 15:06:46
# Method: GET
# URL: /edu2/tool/auto_update_class_user.php
# IP: 220.246.167.117
# Post: []
######################### 2024-11-15 15:06:53 #########################
# Time: 2024-11-15 15:06:53
# Method: GET
# URL: /edu2/class.php?class=177
# IP: 220.246.167.117
# Post: []
######################### 2024-11-15 15:06:54 #########################
# Time: 2024-11-15 15:06:54
# Method: GET
# URL: /edu2/class.php?class=177
# IP: 220.246.167.117
# Post: []
######################### 2024-11-15 15:06:55 #########################
# Time: 2024-11-15 15:06:55
# Method: GET
# URL: /edu2/tool/auto_update_class_user.php
# IP: 220.246.167.117
# Post: []
######################### 2024-11-15 15:06:55 #########################
# Time: 2024-11-15 15:06:55
# Method: POST
# URL: /edu2/class.php?class=177
# IP: 220.246.167.117
# Post: {"handle":"get_month_data","month":"11月-12月"}
######################### 2024-11-15 15:06:55 #########################
# Time: 2024-11-15 15:06:55
# Method: POST
# URL: /edu2/class.php?class=177
# IP: 220.246.167.117
# Post: {"handle":"get_lv2","pid":"1"}
######################### 2024-11-15 15:06:56 #########################
# Time: 2024-11-15 15:06:56
# Method: GET
# URL: /edu2/tool/auto_update_class_user.php
# IP: 220.246.167.117
# Post: []
######################### 2024-11-15 15:06:56 #########################
# Time: 2024-11-15 15:06:56
# Method: POST
# URL: /edu2/class.php?class=177
# IP: 220.246.167.117
# Post: {"handle":"get_month_data","month":"11月-12月"}
######################### 2024-11-15 15:06:56 #########################
# Time: 2024-11-15 15:06:56
# Method: POST
# URL: /edu2/class.php?class=177
# IP: 220.246.167.117
# Post: {"handle":"get_lv2","pid":"1"}
######################### 2024-11-15 15:07:03 #########################
# Time: 2024-11-15 15:07:03
# Method: POST
# URL: /edu2/class.php?class=177
# IP: 220.246.167.117
# Post: {"handle":"update_user","date_month":"11月-12月"}
######################### 2024-11-15 15:07:06 #########################
# Time: 2024-11-15 15:07:06
# Method: POST
# URL: /edu2/class.php?class=177
# IP: 220.246.167.117
# Post: {"handle":"update_user","date_month":"11月-12月"}
######################### 2024-11-15 15:07:07 #########################
# Time: 2024-11-15 15:07:07
# Method: GET
# URL: /edu2/class.php?class=177
# IP: 220.246.167.117
# Post: []
######################### 2024-11-15 15:07:07 #########################
# Time: 2024-11-15 15:07:07
# Method: POST
# URL: /edu2/class.php?class=177
# IP: 220.246.167.117
# Post: {"handle":"get_month_data","month":"11月-12月"}
######################### 2024-11-15 15:07:07 #########################
# Time: 2024-11-15 15:07:07
# Method: GET
# URL: /edu2/tool/auto_update_class_user.php
# IP: 220.246.167.117
# Post: []
######################### 2024-11-15 15:07:07 #########################
# Time: 2024-11-15 15:07:07
# Method: POST
# URL: /edu2/class.php?class=177
# IP: 220.246.167.117
# Post: {"handle":"get_lv2","pid":"1"}
######################### 2024-11-15 15:07:08 #########################
# Time: 2024-11-15 15:07:08
# Method: GET
# URL: /edu2/class.php?class=177
# IP: 220.246.167.117
# Post: []
######################### 2024-11-15 15:07:08 #########################
# Time: 2024-11-15 15:07:08
# Method: GET
# URL: /edu2/tool/auto_update_class_user.php
# IP: 220.246.167.117
# Post: []
######################### 2024-11-15 15:07:08 #########################
# Time: 2024-11-15 15:07:08
# Method: POST
# URL: /edu2/class.php?class=177
# IP: 220.246.167.117
# Post: {"handle":"get_month_data","month":"11月-12月"}
######################### 2024-11-15 15:07:08 #########################
# Time: 2024-11-15 15:07:08
# Method: POST
# URL: /edu2/class.php?class=177
# IP: 220.246.167.117
# Post: {"handle":"get_lv2","pid":"1"}
######################### 2024-11-15 15:07:22 #########################
# Time: 2024-11-15 15:07:22
# Method: GET
# URL: /edu2/student.php?user_id=3989
# IP: 220.246.167.117
# Post: []
######################### 2024-11-15 15:07:22 #########################
# Time: 2024-11-15 15:07:22
# Method: GET
# URL: /edu2/tool/auto_update_class_user.php
# IP: 220.246.167.117
# Post: []
######################### 2024-11-15 15:07:35 #########################
# Time: 2024-11-15 15:07:35
# Method: GET
# URL: /edu2/
# IP: 220.246.167.117
# Post: []
######################### 2024-11-15 15:07:35 #########################
# Time: 2024-11-15 15:07:35
# Method: GET
# URL: /edu2/classes.php
# IP: 220.246.167.117
# Post: []
######################### 2024-11-15 15:07:36 #########################
# Time: 2024-11-15 15:07:36
# Method: GET
# URL: /edu2/tool/auto_update_class_user.php
# IP: 220.246.167.117
# Post: []
######################### 2024-11-15 15:07:37 #########################
# Time: 2024-11-15 15:07:37
# Method: POST
# URL: /edu2/classes.php
# IP: 220.246.167.117
# Post: {"handle":"get_user","kw":"嚴禾"}
######################### 2024-11-15 15:07:39 #########################
# Time: 2024-11-15 15:07:39
# Method: GET
# URL: /edu2/classes.php?user_id=3989
# IP: 220.246.167.117
# Post: []
######################### 2024-11-15 15:07:39 #########################
# Time: 2024-11-15 15:07:39
# Method: GET
# URL: /edu2/tool/auto_update_class_user.php
# IP: 220.246.167.117
# Post: []
######################### 2024-11-15 15:07:47 #########################
# Time: 2024-11-15 15:07:47
# Method: GET
# URL: /edu2/class.php?class=176
# IP: 220.246.167.117
# Post: []
######################### 2024-11-15 15:07:47 #########################
# Time: 2024-11-15 15:07:47
# Method: GET
# URL: /edu2/tool/auto_update_class_user.php
# IP: 220.246.167.117
# Post: []
######################### 2024-11-15 15:07:47 #########################
# Time: 2024-11-15 15:07:47
# Method: POST
# URL: /edu2/class.php?class=176
# IP: 220.246.167.117
# Post: {"handle":"get_lv2","pid":"1"}
######################### 2024-11-15 15:07:47 #########################
# Time: 2024-11-15 15:07:47
# Method: POST
# URL: /edu2/class.php?class=176
# IP: 220.246.167.117
# Post: {"handle":"get_month_data","month":"11月-12月"}
######################### 2024-11-15 15:07:55 #########################
# Time: 2024-11-15 15:07:55
# Method: GET
# URL: /edu2/
# IP: 220.246.167.117
# Post: []
######################### 2024-11-15 15:07:55 #########################
# Time: 2024-11-15 15:07:55
# Method: GET
# URL: /edu2/classes.php
# IP: 220.246.167.117
# Post: []
######################### 2024-11-15 15:07:56 #########################
# Time: 2024-11-15 15:07:56
# Method: GET
# URL: /edu2/tool/auto_update_class_user.php
# IP: 220.246.167.117
# Post: []
######################### 2024-11-15 15:07:57 #########################
# Time: 2024-11-15 15:07:57
# Method: GET
# URL: /edu2/classes.php?district_id=163
# IP: 220.246.167.117
# Post: []
######################### 2024-11-15 15:07:57 #########################
# Time: 2024-11-15 15:07:57
# Method: GET
# URL: /edu2/tool/auto_update_class_user.php
# IP: 220.246.167.117
# Post: []
######################### 2024-11-15 15:07:59 #########################
# Time: 2024-11-15 15:07:59
# Method: GET
# URL: /edu2/classes.php?district_id=163&district_id2=164
# IP: 220.246.167.117
# Post: []
######################### 2024-11-15 15:08:00 #########################
# Time: 2024-11-15 15:08:00
# Method: GET
# URL: /edu2/tool/auto_update_class_user.php
# IP: 220.246.167.117
# Post: []
######################### 2024-11-15 15:08:01 #########################
# Time: 2024-11-15 15:08:01
# Method: GET
# URL: /edu2/classes.php?district_id=163&district_id2=164&lv3=%E5%B1%8F%E5%B1%B1%E5%A4%A9%E6%B0%B4%E5%9C%8D
# IP: 220.246.167.117
# Post: []
######################### 2024-11-15 15:08:01 #########################
# Time: 2024-11-15 15:08:01
# Method: GET
# URL: /edu2/tool/auto_update_class_user.php
# IP: 220.246.167.117
# Post: []
######################### 2024-11-15 15:08:04 #########################
# Time: 2024-11-15 15:08:04
# Method: GET
# URL: /edu2/class.php?class=177
# IP: 220.246.167.117
# Post: []
######################### 2024-11-15 15:08:04 #########################
# Time: 2024-11-15 15:08:04
# Method: GET
# URL: /edu2/tool/auto_update_class_user.php
# IP: 220.246.167.117
# Post: []
######################### 2024-11-15 15:08:04 #########################
# Time: 2024-11-15 15:08:04
# Method: POST
# URL: /edu2/class.php?class=177
# IP: 220.246.167.117
# Post: {"handle":"get_month_data","month":"11月-12月"}
######################### 2024-11-15 15:08:04 #########################
# Time: 2024-11-15 15:08:04
# Method: POST
# URL: /edu2/class.php?class=177
# IP: 220.246.167.117
# Post: {"handle":"get_lv2","pid":"1"}
######################### 2024-11-15 15:08:06 #########################
# Time: 2024-11-15 15:08:06
# Method: GET
# URL: /edu2/class.php?class=177&month=1%E6%9C%88-2%E6%9C%88&year=2024
# IP: 220.246.167.117
# Post: []
######################### 2024-11-15 15:08:06 #########################
# Time: 2024-11-15 15:08:06
# Method: GET
# URL: /edu2/tool/auto_update_class_user.php
# IP: 220.246.167.117
# Post: []
######################### 2024-11-15 15:08:06 #########################
# Time: 2024-11-15 15:08:06
# Method: POST
# URL: /edu2/class.php?class=177&month=1%E6%9C%88-2%E6%9C%88&year=2024
# IP: 220.246.167.117
# Post: {"handle":"get_month_data","month":"1月-2月"}
######################### 2024-11-15 15:08:06 #########################
# Time: 2024-11-15 15:08:06
# Method: POST
# URL: /edu2/class.php?class=177&month=1%E6%9C%88-2%E6%9C%88&year=2024
# IP: 220.246.167.117
# Post: {"handle":"get_lv2","pid":"1"}
######################### 2024-11-15 15:08:08 #########################
# Time: 2024-11-15 15:08:08
# Method: POST
# URL: /edu2/class.php?class=177&month=1%E6%9C%88-2%E6%9C%88&year=2024
# IP: 220.246.167.117
# Post: {"handle":"update_user","date_month":"1月-2月"}
######################### 2024-11-15 15:08:10 #########################
# Time: 2024-11-15 15:08:10
# Method: GET
# URL: /edu2/class.php?class=177&month=1%E6%9C%88-2%E6%9C%88&year=2024
# IP: 220.246.167.117
# Post: []
######################### 2024-11-15 15:08:10 #########################
# Time: 2024-11-15 15:08:10
# Method: GET
# URL: /edu2/tool/auto_update_class_user.php
# IP: 220.246.167.117
# Post: []
######################### 2024-11-15 15:08:10 #########################
# Time: 2024-11-15 15:08:10
# Method: POST
# URL: /edu2/class.php?class=177&month=1%E6%9C%88-2%E6%9C%88&year=2024
# IP: 220.246.167.117
# Post: {"handle":"get_lv2","pid":"1"}
######################### 2024-11-15 15:08:10 #########################
# Time: 2024-11-15 15:08:10
# Method: POST
# URL: /edu2/class.php?class=177&month=1%E6%9C%88-2%E6%9C%88&year=2024
# IP: 220.246.167.117
# Post: {"handle":"get_month_data","month":"1月-2月"}
######################### 2024-11-15 15:08:17 #########################
# Time: 2024-11-15 15:08:17
# Method: GET
# URL: /edu2/
# IP: 220.246.167.117
# Post: []
######################### 2024-11-15 15:08:17 #########################
# Time: 2024-11-15 15:08:17
# Method: GET
# URL: /edu2/classes.php
# IP: 220.246.167.117
# Post: []
######################### 2024-11-15 15:08:18 #########################
# Time: 2024-11-15 15:08:18
# Method: GET
# URL: /edu2/tool/auto_update_class_user.php
# IP: 220.246.167.117
# Post: []
######################### 2024-11-15 15:08:22 #########################
# Time: 2024-11-15 15:08:22
# Method: POST
# URL: /edu2/classes.php
# IP: 220.246.167.117
# Post: {"handle":"get_user","kw":"嚴禾"}
######################### 2024-11-15 15:08:23 #########################
# Time: 2024-11-15 15:08:23
# Method: GET
# URL: /edu2/classes.php?user_id=3989
# IP: 220.246.167.117
# Post: []
######################### 2024-11-15 15:08:24 #########################
# Time: 2024-11-15 15:08:24
# Method: GET
# URL: /edu2/tool/auto_update_class_user.php
# IP: 220.246.167.117
# Post: []
######################### 2024-11-15 15:08:27 #########################
# Time: 2024-11-15 15:08:27
# Method: GET
# URL: /edu2/student.php?user_id=3989
# IP: 220.246.167.117
# Post: []
######################### 2024-11-15 15:08:28 #########################
# Time: 2024-11-15 15:08:28
# Method: GET
# URL: /edu2/tool/auto_update_class_user.php
# IP: 220.246.167.117
# Post: []
######################### 2024-11-15 15:08:44 #########################
# Time: 2024-11-15 15:08:44
# Method: GET
# URL: /edu2/
# IP: 220.246.167.117
# Post: []
######################### 2024-11-15 15:08:44 #########################
# Time: 2024-11-15 15:08:44
# Method: GET
# URL: /edu2/classes.php
# IP: 220.246.167.117
# Post: []
######################### 2024-11-15 15:08:45 #########################
# Time: 2024-11-15 15:08:45
# Method: GET
# URL: /edu2/tool/auto_update_class_user.php
# IP: 220.246.167.117
# Post: []
######################### 2024-11-15 15:08:47 #########################
# Time: 2024-11-15 15:08:47
# Method: GET
# URL: /edu2/classes.php?district_id=163
# IP: 220.246.167.117
# Post: []
######################### 2024-11-15 15:08:48 #########################
# Time: 2024-11-15 15:08:48
# Method: GET
# URL: /edu2/tool/auto_update_class_user.php
# IP: 220.246.167.117
# Post: []
######################### 2024-11-15 15:09:00 #########################
# Time: 2024-11-15 15:09:00
# Method: GET
# URL: /edu2/class.php?class=182
# IP: 220.246.167.117
# Post: []
######################### 2024-11-15 15:09:00 #########################
# Time: 2024-11-15 15:09:00
# Method: GET
# URL: /edu2/tool/auto_update_class_user.php
# IP: 220.246.167.117
# Post: []
######################### 2024-11-15 15:09:00 #########################
# Time: 2024-11-15 15:09:00
# Method: POST
# URL: /edu2/class.php?class=182
# IP: 220.246.167.117
# Post: {"handle":"get_month_data","month":"11月-12月"}
######################### 2024-11-15 15:09:00 #########################
# Time: 2024-11-15 15:09:00
# Method: POST
# URL: /edu2/class.php?class=182
# IP: 220.246.167.117
# Post: {"handle":"get_lv2","pid":"1"}
######################### 2024-11-15 15:09:05 #########################
# Time: 2024-11-15 15:09:05
# Method: POST
# URL: /edu2/class.php?class=182
# IP: 220.246.167.117
# Post: {"handle":"get_user","kw":"9"}
######################### 2024-11-15 15:09:05 #########################
# Time: 2024-11-15 15:09:05
# Method: POST
# URL: /edu2/class.php?class=182
# IP: 220.246.167.117
# Post: {"handle":"get_user","kw":"91"}
######################### 2024-11-15 15:09:05 #########################
# Time: 2024-11-15 15:09:05
# Method: POST
# URL: /edu2/class.php?class=182
# IP: 220.246.167.117
# Post: {"handle":"get_user","kw":"919"}
######################### 2024-11-15 15:09:05 #########################
# Time: 2024-11-15 15:09:05
# Method: POST
# URL: /edu2/class.php?class=182
# IP: 220.246.167.117
# Post: {"handle":"get_user","kw":"9195"}
######################### 2024-11-15 15:09:05 #########################
# Time: 2024-11-15 15:09:05
# Method: POST
# URL: /edu2/class.php?class=182
# IP: 220.246.167.117
# Post: {"handle":"get_user","kw":"91950"}
######################### 2024-11-15 15:09:05 #########################
# Time: 2024-11-15 15:09:05
# Method: POST
# URL: /edu2/class.php?class=182
# IP: 220.246.167.117
# Post: {"handle":"get_user","kw":"919507"}
######################### 2024-11-15 15:09:06 #########################
# Time: 2024-11-15 15:09:06
# Method: POST
# URL: /edu2/class.php?class=182
# IP: 220.246.167.117
# Post: {"handle":"get_user","kw":"91950"}
######################### 2024-11-15 15:09:08 #########################
# Time: 2024-11-15 15:09:08
# Method: POST
# URL: /edu2/class.php?class=182
# IP: 220.246.167.117
# Post: {"handle":"get_user","kw":"9195"}
######################### 2024-11-15 15:09:08 #########################
# Time: 2024-11-15 15:09:08
# Method: POST
# URL: /edu2/class.php?class=182
# IP: 220.246.167.117
# Post: {"handle":"get_user","kw":"919"}
######################### 2024-11-15 15:09:08 #########################
# Time: 2024-11-15 15:09:08
# Method: POST
# URL: /edu2/class.php?class=182
# IP: 220.246.167.117
# Post: {"handle":"get_user","kw":"9190"}
######################### 2024-11-15 15:09:12 #########################
# Time: 2024-11-15 15:09:12
# Method: POST
# URL: /edu2/class.php?class=182
# IP: 220.246.167.117
# Post: {"handle":"update_user","date_month":"11月-12月","teacher":["518"],"student":["3439","4021"]}
######################### 2024-11-15 15:09:14 #########################
# Time: 2024-11-15 15:09:14
# Method: GET
# URL: /edu2/class.php?class=182
# IP: 220.246.167.117
# Post: []
######################### 2024-11-15 15:09:14 #########################
# Time: 2024-11-15 15:09:14
# Method: GET
# URL: /edu2/tool/auto_update_class_user.php
# IP: 220.246.167.117
# Post: []
######################### 2024-11-15 15:09:14 #########################
# Time: 2024-11-15 15:09:14
# Method: POST
# URL: /edu2/class.php?class=182
# IP: 220.246.167.117
# Post: {"handle":"get_lv2","pid":"1"}
######################### 2024-11-15 15:09:14 #########################
# Time: 2024-11-15 15:09:14
# Method: POST
# URL: /edu2/class.php?class=182
# IP: 220.246.167.117
# Post: {"handle":"get_month_data","month":"11月-12月"}
######################### 2024-11-15 15:09:16 #########################
# Time: 2024-11-15 15:09:16
# Method: GET
# URL: /edu2/user_days.php?class=182&month=11%E6%9C%88-12%E6%9C%88&user_id=3439
# IP: 220.246.167.117
# Post: []
######################### 2024-11-15 15:09:28 #########################
# Time: 2024-11-15 15:09:28
# Method: GET
# URL: /edu2/class_days.php?class=182&month=11%E6%9C%88-12%E6%9C%88
# IP: 220.246.167.117
# Post: []
######################### 2024-11-15 15:09:36 #########################
# Time: 2024-11-15 15:09:36
# Method: GET
# URL: /edu2/class.php?class=182&month=9%E6%9C%88-10%E6%9C%88&year=2024
# IP: 220.246.167.117
# Post: []
######################### 2024-11-15 15:09:36 #########################
# Time: 2024-11-15 15:09:36
# Method: GET
# URL: /edu2/tool/auto_update_class_user.php
# IP: 220.246.167.117
# Post: []
######################### 2024-11-15 15:09:36 #########################
# Time: 2024-11-15 15:09:36
# Method: POST
# URL: /edu2/class.php?class=182&month=9%E6%9C%88-10%E6%9C%88&year=2024
# IP: 220.246.167.117
# Post: {"handle":"get_month_data","month":"9月-10月"}
######################### 2024-11-15 15:09:36 #########################
# Time: 2024-11-15 15:09:36
# Method: POST
# URL: /edu2/class.php?class=182&month=9%E6%9C%88-10%E6%9C%88&year=2024
# IP: 220.246.167.117
# Post: {"handle":"get_lv2","pid":"1"}
######################### 2024-11-15 15:09:43 #########################
# Time: 2024-11-15 15:09:43
# Method: GET
# URL: /edu2/class.php?class=182&month=11%E6%9C%88-12%E6%9C%88&year=2024
# IP: 220.246.167.117
# Post: []
######################### 2024-11-15 15:09:43 #########################
# Time: 2024-11-15 15:09:43
# Method: GET
# URL: /edu2/tool/auto_update_class_user.php
# IP: 220.246.167.117
# Post: []
######################### 2024-11-15 15:09:43 #########################
# Time: 2024-11-15 15:09:43
# Method: POST
# URL: /edu2/class.php?class=182&month=11%E6%9C%88-12%E6%9C%88&year=2024
# IP: 220.246.167.117
# Post: {"handle":"get_lv2","pid":"1"}
######################### 2024-11-15 15:09:43 #########################
# Time: 2024-11-15 15:09:43
# Method: POST
# URL: /edu2/class.php?class=182&month=11%E6%9C%88-12%E6%9C%88&year=2024
# IP: 220.246.167.117
# Post: {"handle":"get_month_data","month":"11月-12月"}
######################### 2024-11-15 15:22:55 #########################
# Time: 2024-11-15 15:22:55
# Method: GET
# URL: /edu2/class.php?class=182&month=9%E6%9C%88-10%E6%9C%88&year=2024
# IP: 220.246.167.117
# Post: []
######################### 2024-11-15 15:22:55 #########################
# Time: 2024-11-15 15:22:55
# Method: GET
# URL: /edu2/tool/auto_update_class_user.php
# IP: 220.246.167.117
# Post: []
######################### 2024-11-15 15:22:55 #########################
# Time: 2024-11-15 15:22:55
# Method: POST
# URL: /edu2/class.php?class=182&month=9%E6%9C%88-10%E6%9C%88&year=2024
# IP: 220.246.167.117
# Post: {"handle":"get_month_data","month":"9月-10月"}
######################### 2024-11-15 15:22:55 #########################
# Time: 2024-11-15 15:22:55
# Method: POST
# URL: /edu2/class.php?class=182&month=9%E6%9C%88-10%E6%9C%88&year=2024
# IP: 220.246.167.117
# Post: {"handle":"get_lv2","pid":"1"}
######################### 2024-11-15 15:22:58 #########################
# Time: 2024-11-15 15:22:58
# Method: GET
# URL: /edu2/class.php?class=182&month=11%E6%9C%88-12%E6%9C%88&year=2024
# IP: 220.246.167.117
# Post: []
######################### 2024-11-15 15:22:58 #########################
# Time: 2024-11-15 15:22:58
# Method: GET
# URL: /edu2/tool/auto_update_class_user.php
# IP: 220.246.167.117
# Post: []
######################### 2024-11-15 15:22:58 #########################
# Time: 2024-11-15 15:22:58
# Method: POST
# URL: /edu2/class.php?class=182&month=11%E6%9C%88-12%E6%9C%88&year=2024
# IP: 220.246.167.117
# Post: {"handle":"get_lv2","pid":"1"}
######################### 2024-11-15 15:22:58 #########################
# Time: 2024-11-15 15:22:58
# Method: POST
# URL: /edu2/class.php?class=182&month=11%E6%9C%88-12%E6%9C%88&year=2024
# IP: 220.246.167.117
# Post: {"handle":"get_month_data","month":"11月-12月"}
######################### 2024-11-15 15:23:01 #########################
# Time: 2024-11-15 15:23:01
# Method: GET
# URL: /edu2/class_days.php?class=182&month=11%E6%9C%88-12%E6%9C%88
# IP: 220.246.167.117
# Post: []
######################### 2024-11-15 15:23:06 #########################
# Time: 2024-11-15 15:23:06
# Method: GET
# URL: /edu2/attendance.php?class_id=182
# IP: 220.246.167.117
# Post: []
######################### 2024-11-15 15:23:06 #########################
# Time: 2024-11-15 15:23:06
# Method: GET
# URL: /edu2/tool/auto_update_class_user.php
# IP: 220.246.167.117
# Post: []
######################### 2024-11-15 15:23:06 #########################
# Time: 2024-11-15 15:23:06
# Method: POST
# URL: /edu2/attendance.php?class_id=182
# IP: 220.246.167.117
# Post: {"handle":"get_page","data":[{"class_id":"?district_id=0&district_id2=0&lv3=&class_id=182","class_year":"2024","month":"11月-12月","date":"2024-11-15"}]}
######################### 2024-11-15 15:23:06 #########################
# Time: 2024-11-15 15:23:06
# Method: POST
# URL: /edu2/attendance.php?class_id=182
# IP: 220.246.167.117
# Post: {"handle":"get_list","data":[{"class_id":"?district_id=0&district_id2=0&lv3=&class_id=182","class_year":"2024","month":"11月-12月","date":"2024-11-15"}],"page":"1"}
######################### 2024-11-15 15:23:13 #########################
# Time: 2024-11-15 15:23:13
# Method: GET
# URL: /edu2/class.php?class=182&month=11%E6%9C%88-12%E6%9C%88&year=2024
# IP: 220.246.167.117
# Post: []
######################### 2024-11-15 15:23:13 #########################
# Time: 2024-11-15 15:23:13
# Method: GET
# URL: /edu2/tool/auto_update_class_user.php
# IP: 220.246.167.117
# Post: []
######################### 2024-11-15 15:23:13 #########################
# Time: 2024-11-15 15:23:13
# Method: POST
# URL: /edu2/class.php?class=182&month=11%E6%9C%88-12%E6%9C%88&year=2024
# IP: 220.246.167.117
# Post: {"handle":"get_lv2","pid":"1"}
######################### 2024-11-15 15:23:13 #########################
# Time: 2024-11-15 15:23:13
# Method: POST
# URL: /edu2/class.php?class=182&month=11%E6%9C%88-12%E6%9C%88&year=2024
# IP: 220.246.167.117
# Post: {"handle":"get_month_data","month":"11月-12月"}
######################### 2024-11-15 15:23:16 #########################
# Time: 2024-11-15 15:23:16
# Method: GET
# URL: /edu2/class_days.php?class=182&month=11%E6%9C%88-12%E6%9C%88
# IP: 220.246.167.117
# Post: []
######################### 2024-11-15 15:23:21 #########################
# Time: 2024-11-15 15:23:21
# Method: POST
# URL: /edu2/class_days.php?class=182&month=11%E6%9C%88-12%E6%9C%88
# IP: 220.246.167.117
# Post: {"days":""}
######################### 2024-11-15 15:23:21 #########################
# Time: 2024-11-15 15:23:21
# Method: GET
# URL: /edu2/class.php?class=182&month=11%E6%9C%88-12%E6%9C%88&year=2024
# IP: 220.246.167.117
# Post: []
######################### 2024-11-15 15:23:21 #########################
# Time: 2024-11-15 15:23:21
# Method: GET
# URL: /edu2/tool/auto_update_class_user.php
# IP: 220.246.167.117
# Post: []
######################### 2024-11-15 15:23:21 #########################
# Time: 2024-11-15 15:23:21
# Method: POST
# URL: /edu2/class.php?class=182&month=11%E6%9C%88-12%E6%9C%88&year=2024
# IP: 220.246.167.117
# Post: {"handle":"get_month_data","month":"11月-12月"}
######################### 2024-11-15 15:23:21 #########################
# Time: 2024-11-15 15:23:21
# Method: POST
# URL: /edu2/class.php?class=182&month=11%E6%9C%88-12%E6%9C%88&year=2024
# IP: 220.246.167.117
# Post: {"handle":"get_lv2","pid":"1"}
######################### 2024-11-15 15:23:30 #########################
# Time: 2024-11-15 15:23:30
# Method: GET
# URL: /edu2/class.php?class=182&month=9%E6%9C%88-10%E6%9C%88&year=2024
# IP: 220.246.167.117
# Post: []
######################### 2024-11-15 15:23:30 #########################
# Time: 2024-11-15 15:23:30
# Method: GET
# URL: /edu2/tool/auto_update_class_user.php
# IP: 220.246.167.117
# Post: []
######################### 2024-11-15 15:23:30 #########################
# Time: 2024-11-15 15:23:30
# Method: POST
# URL: /edu2/class.php?class=182&month=9%E6%9C%88-10%E6%9C%88&year=2024
# IP: 220.246.167.117
# Post: {"handle":"get_month_data","month":"9月-10月"}
######################### 2024-11-15 15:23:30 #########################
# Time: 2024-11-15 15:23:30
# Method: POST
# URL: /edu2/class.php?class=182&month=9%E6%9C%88-10%E6%9C%88&year=2024
# IP: 220.246.167.117
# Post: {"handle":"get_lv2","pid":"1"}
######################### 2024-11-15 15:23:32 #########################
# Time: 2024-11-15 15:23:32
# Method: GET
# URL: /edu2/class.php?class=182&month=11%E6%9C%88-12%E6%9C%88&year=2024
# IP: 220.246.167.117
# Post: []
######################### 2024-11-15 15:23:32 #########################
# Time: 2024-11-15 15:23:32
# Method: GET
# URL: /edu2/tool/auto_update_class_user.php
# IP: 220.246.167.117
# Post: []
######################### 2024-11-15 15:23:32 #########################
# Time: 2024-11-15 15:23:32
# Method: POST
# URL: /edu2/class.php?class=182&month=11%E6%9C%88-12%E6%9C%88&year=2024
# IP: 220.246.167.117
# Post: {"handle":"get_lv2","pid":"1"}
######################### 2024-11-15 15:23:32 #########################
# Time: 2024-11-15 15:23:32
# Method: POST
# URL: /edu2/class.php?class=182&month=11%E6%9C%88-12%E6%9C%88&year=2024
# IP: 220.246.167.117
# Post: {"handle":"get_month_data","month":"11月-12月"}
######################### 2024-11-15 15:23:32 #########################
# Time: 2024-11-15 15:23:32
# Method: GET
# URL: /edu2/class.php?class=182&month=9%E6%9C%88-10%E6%9C%88&year=2024
# IP: 220.246.167.117
# Post: []
######################### 2024-11-15 15:23:33 #########################
# Time: 2024-11-15 15:23:33
# Method: GET
# URL: /edu2/tool/auto_update_class_user.php
# IP: 220.246.167.117
# Post: []
######################### 2024-11-15 15:23:33 #########################
# Time: 2024-11-15 15:23:33
# Method: POST
# URL: /edu2/class.php?class=182&month=9%E6%9C%88-10%E6%9C%88&year=2024
# IP: 220.246.167.117
# Post: {"handle":"get_month_data","month":"9月-10月"}
######################### 2024-11-15 15:23:33 #########################
# Time: 2024-11-15 15:23:33
# Method: POST
# URL: /edu2/class.php?class=182&month=9%E6%9C%88-10%E6%9C%88&year=2024
# IP: 220.246.167.117
# Post: {"handle":"get_lv2","pid":"1"}
######################### 2024-11-15 15:23:39 #########################
# Time: 2024-11-15 15:23:39
# Method: GET
# URL: /edu2/class.php?class=182&month=11%E6%9C%88-12%E6%9C%88&year=2024
# IP: 220.246.167.117
# Post: []
######################### 2024-11-15 15:23:39 #########################
# Time: 2024-11-15 15:23:39
# Method: GET
# URL: /edu2/tool/auto_update_class_user.php
# IP: 220.246.167.117
# Post: []
######################### 2024-11-15 15:23:39 #########################
# Time: 2024-11-15 15:23:39
# Method: POST
# URL: /edu2/class.php?class=182&month=11%E6%9C%88-12%E6%9C%88&year=2024
# IP: 220.246.167.117
# Post: {"handle":"get_month_data","month":"11月-12月"}
######################### 2024-11-15 15:23:39 #########################
# Time: 2024-11-15 15:23:39
# Method: POST
# URL: /edu2/class.php?class=182&month=11%E6%9C%88-12%E6%9C%88&year=2024
# IP: 220.246.167.117
# Post: {"handle":"get_lv2","pid":"1"}
######################### 2024-11-15 15:23:40 #########################
# Time: 2024-11-15 15:23:40
# Method: POST
# URL: /edu2/class.php?class=182&month=11%E6%9C%88-12%E6%9C%88&year=2024
# IP: 220.246.167.117
# Post: {"handle":"get_user","kw":"李梓睿"}
######################### 2024-11-15 15:23:42 #########################
# Time: 2024-11-15 15:23:42
# Method: POST
# URL: /edu2/class.php?class=182&month=11%E6%9C%88-12%E6%9C%88&year=2024
# IP: 220.246.167.117
# Post: {"handle":"update_user","date_month":"11月-12月","teacher":["518"],"student":["3439","4021"],"student_transfer":["2730"]}
######################### 2024-11-15 15:23:44 #########################
# Time: 2024-11-15 15:23:44
# Method: GET
# URL: /edu2/class.php?class=182&month=11%E6%9C%88-12%E6%9C%88&year=2024
# IP: 220.246.167.117
# Post: []
######################### 2024-11-15 15:23:44 #########################
# Time: 2024-11-15 15:23:44
# Method: GET
# URL: /edu2/tool/auto_update_class_user.php
# IP: 220.246.167.117
# Post: []
######################### 2024-11-15 15:23:44 #########################
# Time: 2024-11-15 15:23:44
# Method: POST
# URL: /edu2/class.php?class=182&month=11%E6%9C%88-12%E6%9C%88&year=2024
# IP: 220.246.167.117
# Post: {"handle":"get_month_data","month":"11月-12月"}
######################### 2024-11-15 15:23:44 #########################
# Time: 2024-11-15 15:23:44
# Method: POST
# URL: /edu2/class.php?class=182&month=11%E6%9C%88-12%E6%9C%88&year=2024
# IP: 220.246.167.117
# Post: {"handle":"get_lv2","pid":"1"}
######################### 2024-11-15 15:24:58 #########################
# Time: 2024-11-15 15:24:58
# Method: GET
# URL: /edu2/
# IP: 223.197.234.253
# Post: []
######################### 2024-11-15 15:24:58 #########################
# Time: 2024-11-15 15:24:58
# Method: GET
# URL: /edu2/classes.php
# IP: 223.197.234.253
# Post: []
######################### 2024-11-15 15:25:01 #########################
# Time: 2024-11-15 15:25:01
# Method: GET
# URL: /edu2/tool/auto_update_class_user.php
# IP: 223.197.234.253
# Post: []
######################### 2024-11-15 15:25:06 #########################
# Time: 2024-11-15 15:25:06
# Method: GET
# URL: /edu2/classes.php?district_id=163
# IP: 223.197.234.253
# Post: []
######################### 2024-11-15 15:25:06 #########################
# Time: 2024-11-15 15:25:06
# Method: GET
# URL: /edu2/tool/auto_update_class_user.php
# IP: 223.197.234.253
# Post: []
######################### 2024-11-15 15:25:09 #########################
# Time: 2024-11-15 15:25:09
# Method: GET
# URL: /edu2/classes.php?district_id=163&district_id2=164
# IP: 223.197.234.253
# Post: []
######################### 2024-11-15 15:25:09 #########################
# Time: 2024-11-15 15:25:09
# Method: GET
# URL: /edu2/tool/auto_update_class_user.php
# IP: 223.197.234.253
# Post: []
######################### 2024-11-15 15:25:11 #########################
# Time: 2024-11-15 15:25:11
# Method: GET
# URL: /edu2/classes.php?district_id=163&district_id2=164&lv3=%E5%A4%A7%E5%9F%94
# IP: 223.197.234.253
# Post: []
######################### 2024-11-15 15:25:11 #########################
# Time: 2024-11-15 15:25:11
# Method: GET
# URL: /edu2/tool/auto_update_class_user.php
# IP: 223.197.234.253
# Post: []
######################### 2024-11-15 15:25:25 #########################
# Time: 2024-11-15 15:25:25
# Method: GET
# URL: /edu2/class.php?class=182
# IP: 223.197.234.253
# Post: []
######################### 2024-11-15 15:25:26 #########################
# Time: 2024-11-15 15:25:26
# Method: GET
# URL: /edu2/tool/auto_update_class_user.php
# IP: 223.197.234.253
# Post: []
######################### 2024-11-15 15:25:26 #########################
# Time: 2024-11-15 15:25:26
# Method: POST
# URL: /edu2/class.php?class=182
# IP: 223.197.234.253
# Post: {"handle":"get_month_data","month":"11月-12月"}
######################### 2024-11-15 15:25:26 #########################
# Time: 2024-11-15 15:25:26
# Method: POST
# URL: /edu2/class.php?class=182
# IP: 223.197.234.253
# Post: {"handle":"get_lv2","pid":"1"}
######################### 2024-11-15 15:25:30 #########################
# Time: 2024-11-15 15:25:30
# Method: POST
# URL: /edu2/class.php?class=182
# IP: 223.197.234.253
# Post: {"handle":"update_user","date_month":"11月-12月","teacher":["518"],"student":["3439","4021"]}
######################### 2024-11-15 15:25:32 #########################
# Time: 2024-11-15 15:25:32
# Method: GET
# URL: /edu2/class.php?class=182
# IP: 223.197.234.253
# Post: []
######################### 2024-11-15 15:25:32 #########################
# Time: 2024-11-15 15:25:32
# Method: GET
# URL: /edu2/tool/auto_update_class_user.php
# IP: 223.197.234.253
# Post: []
######################### 2024-11-15 15:25:32 #########################
# Time: 2024-11-15 15:25:32
# Method: POST
# URL: /edu2/class.php?class=182
# IP: 223.197.234.253
# Post: {"handle":"get_month_data","month":"11月-12月"}
######################### 2024-11-15 15:25:32 #########################
# Time: 2024-11-15 15:25:32
# Method: POST
# URL: /edu2/class.php?class=182
# IP: 223.197.234.253
# Post: {"handle":"get_lv2","pid":"1"}
######################### 2024-11-15 15:25:33 #########################
# Time: 2024-11-15 15:25:33
# Method: POST
# URL: /edu2/class.php?class=182
# IP: 223.197.234.253
# Post: {"handle":"update_user","date_month":"11月-12月","teacher":["518"],"student":["4021"]}
######################### 2024-11-15 15:25:35 #########################
# Time: 2024-11-15 15:25:35
# Method: GET
# URL: /edu2/class.php?class=182
# IP: 223.197.234.253
# Post: []
######################### 2024-11-15 15:25:36 #########################
# Time: 2024-11-15 15:25:36
# Method: GET
# URL: /edu2/tool/auto_update_class_user.php
# IP: 223.197.234.253
# Post: []
######################### 2024-11-15 15:25:36 #########################
# Time: 2024-11-15 15:25:36
# Method: POST
# URL: /edu2/class.php?class=182
# IP: 223.197.234.253
# Post: {"handle":"get_month_data","month":"11月-12月"}
######################### 2024-11-15 15:25:36 #########################
# Time: 2024-11-15 15:25:36
# Method: POST
# URL: /edu2/class.php?class=182
# IP: 223.197.234.253
# Post: {"handle":"get_lv2","pid":"1"}
######################### 2024-11-15 15:25:37 #########################
# Time: 2024-11-15 15:25:37
# Method: POST
# URL: /edu2/class.php?class=182
# IP: 223.197.234.253
# Post: {"handle":"update_user","date_month":"11月-12月","teacher":["518"]}
######################### 2024-11-15 15:25:39 #########################
# Time: 2024-11-15 15:25:39
# Method: GET
# URL: /edu2/class.php?class=182
# IP: 223.197.234.253
# Post: []
######################### 2024-11-15 15:25:39 #########################
# Time: 2024-11-15 15:25:39
# Method: GET
# URL: /edu2/tool/auto_update_class_user.php
# IP: 223.197.234.253
# Post: []
######################### 2024-11-15 15:25:39 #########################
# Time: 2024-11-15 15:25:39
# Method: POST
# URL: /edu2/class.php?class=182
# IP: 223.197.234.253
# Post: {"handle":"get_month_data","month":"11月-12月"}
######################### 2024-11-15 15:25:40 #########################
# Time: 2024-11-15 15:25:40
# Method: POST
# URL: /edu2/class.php?class=182
# IP: 223.197.234.253
# Post: {"handle":"get_lv2","pid":"1"}
######################### 2024-11-15 15:25:41 #########################
# Time: 2024-11-15 15:25:41
# Method: POST
# URL: /edu2/class.php?class=182
# IP: 223.197.234.253
# Post: {"handle":"update_user","date_month":"11月-12月"}
######################### 2024-11-15 15:25:43 #########################
# Time: 2024-11-15 15:25:43
# Method: GET
# URL: /edu2/class.php?class=182
# IP: 223.197.234.253
# Post: []
######################### 2024-11-15 15:25:43 #########################
# Time: 2024-11-15 15:25:43
# Method: GET
# URL: /edu2/tool/auto_update_class_user.php
# IP: 223.197.234.253
# Post: []
######################### 2024-11-15 15:25:43 #########################
# Time: 2024-11-15 15:25:43
# Method: POST
# URL: /edu2/class.php?class=182
# IP: 223.197.234.253
# Post: {"handle":"get_month_data","month":"11月-12月"}
######################### 2024-11-15 15:25:43 #########################
# Time: 2024-11-15 15:25:43
# Method: POST
# URL: /edu2/class.php?class=182
# IP: 223.197.234.253
# Post: {"handle":"get_lv2","pid":"1"}
######################### 2024-11-15 15:25:44 #########################
# Time: 2024-11-15 15:25:44
# Method: GET
# URL: /edu2/class_months.php?class_id=182
# IP: 223.197.234.253
# Post: []
######################### 2024-11-15 15:25:50 #########################
# Time: 2024-11-15 15:25:50
# Method: POST
# URL: /edu2/class_months.php?class_id=182
# IP: 223.197.234.253
# Post: {"handle":"del","class_year":"2024","month":"11-12"}
######################### 2024-11-15 15:25:53 #########################
# Time: 2024-11-15 15:25:53
# Method: GET
# URL: /edu2/class.php?class=182
# IP: 223.197.234.253
# Post: []
######################### 2024-11-15 15:25:53 #########################
# Time: 2024-11-15 15:25:53
# Method: GET
# URL: /edu2/tool/auto_update_class_user.php
# IP: 223.197.234.253
# Post: []
######################### 2024-11-15 15:25:53 #########################
# Time: 2024-11-15 15:25:53
# Method: POST
# URL: /edu2/class.php?class=182
# IP: 223.197.234.253
# Post: {"handle":"get_month_data","month":"9月-10月"}
######################### 2024-11-15 15:25:53 #########################
# Time: 2024-11-15 15:25:53
# Method: POST
# URL: /edu2/class.php?class=182
# IP: 223.197.234.253
# Post: {"handle":"get_lv2","pid":"1"}
######################### 2024-11-15 15:25:57 #########################
# Time: 2024-11-15 15:25:57
# Method: GET
# URL: /edu2/
# IP: 223.197.234.253
# Post: []
######################### 2024-11-15 15:25:57 #########################
# Time: 2024-11-15 15:25:57
# Method: GET
# URL: /edu2/classes.php
# IP: 223.197.234.253
# Post: []
######################### 2024-11-15 15:25:58 #########################
# Time: 2024-11-15 15:25:58
# Method: GET
# URL: /edu2/tool/auto_update_class_user.php
# IP: 223.197.234.253
# Post: []
######################### 2024-11-15 15:25:59 #########################
# Time: 2024-11-15 15:25:59
# Method: GET
# URL: /edu2/
# IP: 223.197.234.253
# Post: []
######################### 2024-11-15 15:25:59 #########################
# Time: 2024-11-15 15:25:59
# Method: GET
# URL: /edu2/classes.php
# IP: 223.197.234.253
# Post: []
######################### 2024-11-15 15:26:00 #########################
# Time: 2024-11-15 15:26:00
# Method: GET
# URL: /edu2/tool/auto_update_class_user.php
# IP: 223.197.234.253
# Post: []
######################### 2024-11-15 15:26:01 #########################
# Time: 2024-11-15 15:26:01
# Method: GET
# URL: /edu2/classes.php?district_id=163
# IP: 223.197.234.253
# Post: []
######################### 2024-11-15 15:26:02 #########################
# Time: 2024-11-15 15:26:02
# Method: GET
# URL: /edu2/tool/auto_update_class_user.php
# IP: 223.197.234.253
# Post: []
######################### 2024-11-15 15:26:03 #########################
# Time: 2024-11-15 15:26:03
# Method: GET
# URL: /edu2/classes.php?district_id=163&district_id2=164
# IP: 223.197.234.253
# Post: []
######################### 2024-11-15 15:26:03 #########################
# Time: 2024-11-15 15:26:03
# Method: GET
# URL: /edu2/tool/auto_update_class_user.php
# IP: 223.197.234.253
# Post: []
######################### 2024-11-15 15:26:05 #########################
# Time: 2024-11-15 15:26:05
# Method: GET
# URL: /edu2/classes.php?district_id=163&district_id2=164&lv3=%E5%A4%A7%E5%9F%94
# IP: 223.197.234.253
# Post: []
######################### 2024-11-15 15:26:05 #########################
# Time: 2024-11-15 15:26:05
# Method: GET
# URL: /edu2/tool/auto_update_class_user.php
# IP: 223.197.234.253
# Post: []
######################### 2024-11-15 15:26:08 #########################
# Time: 2024-11-15 15:26:08
# Method: GET
# URL: /edu2/attendance.php?class_id=183
# IP: 223.197.234.253
# Post: []
######################### 2024-11-15 15:26:08 #########################
# Time: 2024-11-15 15:26:08
# Method: GET
# URL: /edu2/tool/auto_update_class_user.php
# IP: 223.197.234.253
# Post: []
######################### 2024-11-15 15:26:08 #########################
# Time: 2024-11-15 15:26:08
# Method: POST
# URL: /edu2/attendance.php?class_id=183
# IP: 223.197.234.253
# Post: {"handle":"get_page","data":[{"class_id":"?district_id=0&district_id2=0&lv3=&class_id=183","class_year":"2024","month":"11月-12月","date":"2024-11-15"}]}
######################### 2024-11-15 15:26:08 #########################
# Time: 2024-11-15 15:26:08
# Method: POST
# URL: /edu2/attendance.php?class_id=183
# IP: 223.197.234.253
# Post: {"handle":"get_list","data":[{"class_id":"?district_id=0&district_id2=0&lv3=&class_id=183","class_year":"2024","month":"11月-12月","date":"2024-11-15"}],"page":"1"}
######################### 2024-11-15 15:26:29 #########################
# Time: 2024-11-15 15:26:29
# Method: POST
# URL: /edu2/attendance.php?class_id=183
# IP: 223.197.234.253
# Post: {"handle":"get_page","data":[{"class_id":"?district_id=0&district_id2=0&lv3=&class_id=183","class_year":"2024","month":"11月-12月","date":"2024-11-17"}]}
######################### 2024-11-15 15:26:30 #########################
# Time: 2024-11-15 15:26:30
# Method: POST
# URL: /edu2/attendance.php?class_id=183
# IP: 223.197.234.253
# Post: {"handle":"get_list","data":[{"class_id":"?district_id=0&district_id2=0&lv3=&class_id=183","class_year":"2024","month":"11月-12月","date":"2024-11-17"}],"page":"1"}
######################### 2024-11-15 15:26:32 #########################
# Time: 2024-11-15 15:26:32
# Method: POST
# URL: /edu2/attendance.php?class_id=183
# IP: 223.197.234.253
# Post: {"handle":"get_page","data":[{"class_id":"?district_id=0&district_id2=0&lv3=&class_id=183","class_year":"2024","month":"11月-12月","date":"2024-11-03"}]}
######################### 2024-11-15 15:26:32 #########################
# Time: 2024-11-15 15:26:32
# Method: POST
# URL: /edu2/attendance.php?class_id=183
# IP: 223.197.234.253
# Post: {"handle":"get_list","data":[{"class_id":"?district_id=0&district_id2=0&lv3=&class_id=183","class_year":"2024","month":"11月-12月","date":"2024-11-03"}],"page":"1"}
